# configure exec: ./configure --prefix=/home/david/PycharmProjects/Real-time-Flights/PartA/node_modules/node-rdkafka/build/deps --libdir=/home/david/PycharmProjects/Real-time-Flights/PartA/node_modules/node-rdkafka/build/deps --prefix=/home/david/PycharmProjects/Real-time-Flights/PartA/node_modules/node-rdkafka/build/deps --libdir=/home/david/PycharmProjects/Real-time-Flights/PartA/node_modules/node-rdkafka/build/deps
# On Sat 06 Aug 2022 20:54:24 IDT
DBG 36837: Setting distro (distro) status to ok (action ignore)
DBG 36837: ccenv: WITH_CC:  --version failed: mklove/modules/configure.base: line 1798: --version: command not found
DBG 36837: Setting ccenv (ccenv) status to failed (action cont)
DBG 36837: Check ccenv (WITH_CC, action cont (originally cont)) failed: command ' --version' failed:
mklove/modules/configure.base: line 1798: --version: command not found
DBG 36837: Setting gcc (gcc) status to ok (action cont)
DBG 36837: cxxenv: WITH_CXX:  --version failed: mklove/modules/configure.base: line 1798: --version: command not found
DBG 36837: Setting cxxenv (cxxenv) status to failed (action cont)
DBG 36837: Check cxxenv (WITH_CXX, action cont (originally cont)) failed: command ' --version' failed:
mklove/modules/configure.base: line 1798: --version: command not found
DBG 36837: Setting gxx (gxx) status to ok (action cont)
DBG 36837: Setting ld (ld) status to ok (action disable)
DBG 36837: Setting nm (nm) status to ok (action disable)
DBG 36837: Setting objdump (objdump) status to ok (action disable)
DBG 36837: Setting strip (strip) status to ok (action disable)
DBG 36837: libtool: : libtool is not executable: 
DBG 36837: Setting libtool (libtool) status to failed (action disable)
DBG 36837: Check libtool (, action disable (originally disable)) failed: libtool is not executable
DBG 36837: Setting ranlib (ranlib) status to ok (action disable)
DBG 36837: Setting pkgconfig (pkgconfig) status to ok (action cont)
DBG 36837: Setting install (install) status to ok (action cont)
DBG 36837: Setting gnuar (gnuar) status to ok (action disable)
DBG 36837: Compile check PIC (HAVE_PIC) (sub=0): gcc  -g -O2 -Wall -Werror _mkltmpJtkiJp.c -o _mkltmpJtkiJp.c.o  -L/home/david/PycharmProjects/Real-time-Flights/PartA/node_modules/node-rdkafka/build/deps -fPIC
DBG 36837: Setting PIC (PIC) status to ok (action disable)
DBG 36837: Compile check gnulib (WITH_GNULD) (sub=0): gcc  -g -O2 -fPIC -Wall -Werror _mkltmpzHjVkB.c -o _mkltmpzHjVkB.c.o  -L/home/david/PycharmProjects/Real-time-Flights/PartA/node_modules/node-rdkafka/build/deps -shared -Wl,-soname,mkltest.0
DBG 36837: Setting gnulib (gnulib) status to ok (action cont)
DBG 36837: Compile check ldsflagvs () (sub=0): gcc  -g -O2 -fPIC -Wall -Werror _mkltmpBB83vQ.c -o _mkltmpBB83vQ.c.o  -L/home/david/PycharmProjects/Real-time-Flights/PartA/node_modules/node-rdkafka/build/deps -shared -Wl,--version-script=_mkltmp8uam8L
DBG 36837: Setting ldsflagvs (ldsflagvs) status to ok (action cont)
DBG 36837: Compile check __atomic_32 (HAVE_ATOMICS_32) (sub=0): gcc  -g -O2 -fPIC -Wall -Werror _mkltmp8HHmVk.c -o _mkltmp8HHmVk.c.o  -L/home/david/PycharmProjects/Real-time-Flights/PartA/node_modules/node-rdkafka/build/deps 
DBG 36837: Setting __atomic_32 (__atomic_32) status to ok (action cont)
DBG 36837: Compile check __atomic_64 (HAVE_ATOMICS_64) (sub=0): gcc  -g -O2 -fPIC -Wall -Werror _mkltmptn9hyh.c -o _mkltmptn9hyh.c.o  -L/home/david/PycharmProjects/Real-time-Flights/PartA/node_modules/node-rdkafka/build/deps 
DBG 36837: Setting __atomic_64 (__atomic_64) status to ok (action cont)
DBG 36837: Compile check socket () (sub=0): gcc  -g -O2 -fPIC -Wall -Wsign-compare -Wfloat-equal -Wpointer-arith -Wcast-align -Wall -Werror _mkltmpApoRp8.c -o _mkltmpApoRp8.c.o  -L/home/david/PycharmProjects/Real-time-Flights/PartA/node_modules/node-rdkafka/build/deps 
DBG 36837: Setting socket (socket) status to ok (action cont)
DBG 36837: Setting parseversion (parseversion) status to ok (action cont)
DBG 36837: pkg-config check librt for CFLAGS (): pkg-config --short-errors --cflags librt
DBG 36837: 'pkg-config --short-errors --cflags librt' failed: No package 'librt' found
DBG 36837: Setting librt_PKGCONFIG (librt_PKGCONFIG) status to failed (action cont)
DBG 36837: Check librt_PKGCONFIG (, action cont (originally cont)) failed: 'pkg-config --short-errors --cflags librt' failed:
No package 'librt' found
DBG 36837: librt: Check for static library (libs -lrt, arfile variable STATIC_LIB_librt=, static filenames )
DBG 36837: Compile check librt () (sub=0): gcc  -g -O2 -fPIC -Wall -Wsign-compare -Wfloat-equal -Wpointer-arith -Wcast-align -Wall -Werror _mkltmpTziPhd.c -o _mkltmpTziPhd.c.o  -L/home/david/PycharmProjects/Real-time-Flights/PartA/node_modules/node-rdkafka/build/deps -lrt
DBG 36837: Setting librt (librt) status to ok (action cont)
DBG 36837: librt: from lib_check: LIBS: prepend -lrt
DBG 36837: pkg-config check libpthread for CFLAGS (): pkg-config --short-errors --cflags libpthread
DBG 36837: 'pkg-config --short-errors --cflags libpthread' failed: No package 'libpthread' found
DBG 36837: Setting libpthread_PKGCONFIG (libpthread_PKGCONFIG) status to failed (action cont)
DBG 36837: Check libpthread_PKGCONFIG (, action cont (originally cont)) failed: 'pkg-config --short-errors --cflags libpthread' failed:
No package 'libpthread' found
DBG 36837: libpthread: Check for static library (libs -lpthread, arfile variable STATIC_LIB_libpthread=, static filenames )
DBG 36837: Compile check libpthread () (sub=0): gcc  -g -O2 -fPIC -Wall -Wsign-compare -Wfloat-equal -Wpointer-arith -Wcast-align -Wall -Werror _mkltmpOwMEGb.c -o _mkltmpOwMEGb.c.o  -L/home/david/PycharmProjects/Real-time-Flights/PartA/node_modules/node-rdkafka/build/deps -lpthread
DBG 36837: Setting libpthread (libpthread) status to ok (action fail)
DBG 36837: libpthread: from lib_check: LIBS: prepend -lpthread
DBG 36837: pkg-config check c11threads for CFLAGS (WITH_C11THREADS): pkg-config --short-errors --cflags c11threads
DBG 36837: 'pkg-config --short-errors --cflags c11threads' failed: No package 'c11threads' found
DBG 36837: Setting c11threads_PKGCONFIG (c11threads_PKGCONFIG) status to failed (action cont)
DBG 36837: Check c11threads_PKGCONFIG (, action cont (originally cont)) failed: 'pkg-config --short-errors --cflags c11threads' failed:
No package 'c11threads' found
DBG 36837: c11threads: Check for static library (libs -lpthread -lrt, arfile variable STATIC_LIB_c11threads=, static filenames )
DBG 36837: Compile check c11threads (WITH_C11THREADS) (sub=0): gcc  -g -O2 -fPIC -Wall -Wsign-compare -Wfloat-equal -Wpointer-arith -Wcast-align -Wall -Werror _mkltmphmnjFg.c -o _mkltmphmnjFg.c.o  -L/home/david/PycharmProjects/Real-time-Flights/PartA/node_modules/node-rdkafka/build/deps -lpthread -lrt
DBG 36837: Setting c11threads (c11threads) status to ok (action disable)
DBG 36837: c11threads: from lib_check: LIBS: prepend -lpthread -lrt
DBG 36837: pkg-config check libdl for CFLAGS (WITH_LIBDL): pkg-config --short-errors --cflags libdl
DBG 36837: 'pkg-config --short-errors --cflags libdl' failed: No package 'libdl' found
DBG 36837: Setting libdl_PKGCONFIG (libdl_PKGCONFIG) status to failed (action cont)
DBG 36837: Check libdl_PKGCONFIG (, action cont (originally cont)) failed: 'pkg-config --short-errors --cflags libdl' failed:
No package 'libdl' found
DBG 36837: libdl: Check for static library (libs -ldl, arfile variable STATIC_LIB_libdl=, static filenames )
DBG 36837: Compile check libdl (WITH_LIBDL) (sub=0): gcc  -g -O2 -fPIC -Wall -Wsign-compare -Wfloat-equal -Wpointer-arith -Wcast-align -Wall -Werror _mkltmp0QUO83.c -o _mkltmp0QUO83.c.o  -L/home/david/PycharmProjects/Real-time-Flights/PartA/node_modules/node-rdkafka/build/deps -ldl
DBG 36837: Setting libdl (libdl) status to ok (action disable)
DBG 36837: libdl: from lib_check: LIBS: prepend -ldl
DBG 36837: pkg-config check zlib for CFLAGS (WITH_ZLIB): pkg-config --short-errors --cflags zlib
DBG 36837: pkg-config check zlib for LIBS (WITH_ZLIB): pkg-config --short-errors --libs zlib
DBG 36837: zlib: from pkg-config: CFLAGS '', LIBS '-ldl -lpthread -lrt -lpthread -lrt'
DBG 36837: zlib: performing compile check using pkg-config info
DBG 36837: Compile check zlib (WITH_ZLIB) (sub=1): gcc  -g -O2 -fPIC -Wall -Wsign-compare -Wfloat-equal -Wpointer-arith -Wcast-align -Wall -Werror _mkltmpCTfOOh.c -o _mkltmpCTfOOh.c.o  -L/home/david/PycharmProjects/Real-time-Flights/PartA/node_modules/node-rdkafka/build/deps  -lz
DBG 36837: zlib: Check for static library (libs -lz, arfile variable STATIC_LIB_zlib=, static filenames libz.a)
DBG 36837: zlib: from pkg-config: LIBS: prepend -lz
DBG 36837: Setting zlib (zlib) status to ok (action cont)
DBG 36837: pkg-config check libcrypto for CFLAGS (): pkg-config --short-errors --cflags libcrypto
DBG 36837: pkg-config check libcrypto for LIBS (): pkg-config --short-errors --libs libcrypto
DBG 36837: libcrypto: from pkg-config: CFLAGS '', LIBS '-lz -ldl -lpthread -lrt -lpthread -lrt'
DBG 36837: libcrypto: performing compile check using pkg-config info
DBG 36837: Compile check libcrypto () (sub=1): gcc  -g -O2 -fPIC -Wall -Wsign-compare -Wfloat-equal -Wpointer-arith -Wcast-align -Wall -Werror _mkltmpRZXYYe.c -o _mkltmpRZXYYe.c.o  -L/home/david/PycharmProjects/Real-time-Flights/PartA/node_modules/node-rdkafka/build/deps  -lcrypto
DBG 36837: libcrypto: Check for static library (libs -lcrypto, arfile variable STATIC_LIB_libcrypto=, static filenames libcrypto.a)
DBG 36837: libcrypto: from pkg-config: LIBS: prepend -lcrypto
DBG 36837: Setting libcrypto (libcrypto) status to ok (action cont)
DBG 36837: pkg-config check libssl for CFLAGS (WITH_SSL): pkg-config --short-errors --cflags libssl
DBG 36837: pkg-config check libssl for LIBS (WITH_SSL): pkg-config --short-errors --libs libssl
DBG 36837: libssl: from pkg-config: CFLAGS '', LIBS '-lcrypto -lz -ldl -lpthread -lrt -lpthread -lrt'
DBG 36837: libssl: performing compile check using pkg-config info
DBG 36837: Compile check libssl (WITH_SSL) (sub=1): gcc  -g -O2 -fPIC -Wall -Wsign-compare -Wfloat-equal -Wpointer-arith -Wcast-align -Wall -Werror _mkltmps0Xalu.c -o _mkltmps0Xalu.c.o  -L/home/david/PycharmProjects/Real-time-Flights/PartA/node_modules/node-rdkafka/build/deps  -lssl
DBG 36837: libssl: Check for static library (libs -lssl, arfile variable STATIC_LIB_libssl=, static filenames libssl.a)
DBG 36837: libssl: from pkg-config: LIBS: prepend -lssl
DBG 36837: Setting libssl (libssl) status to ok (action cont)
DBG 36837: pkg-config check libsasl2 for CFLAGS (WITH_SASL_CYRUS): pkg-config --short-errors --cflags libsasl2
DBG 36837: 'pkg-config --short-errors --cflags libsasl2' failed: No package 'libsasl2' found
DBG 36837: Setting libsasl2_PKGCONFIG (libsasl2_PKGCONFIG) status to failed (action cont)
DBG 36837: Check libsasl2_PKGCONFIG (, action cont (originally cont)) failed: 'pkg-config --short-errors --cflags libsasl2' failed:
No package 'libsasl2' found
DBG 36837: libsasl2: Check for static library (libs -lsasl2, arfile variable STATIC_LIB_libsasl2=, static filenames )
DBG 36837: Compile check libsasl2 (WITH_SASL_CYRUS) (sub=0): gcc  -g -O2 -fPIC -Wall -Wsign-compare -Wfloat-equal -Wpointer-arith -Wcast-align -Wall -Werror _mkltmpNhHfZK.c -o _mkltmpNhHfZK.c.o  -L/home/david/PycharmProjects/Real-time-Flights/PartA/node_modules/node-rdkafka/build/deps -lsasl2
DBG 36837: compile check for libsasl2 (WITH_SASL_CYRUS) failed: gcc  -g -O2 -fPIC -Wall -Wsign-compare -Wfloat-equal -Wpointer-arith -Wcast-align -Wall -Werror _mkltmpNhHfZK.c -o _mkltmpNhHfZK.c.o  -L/home/david/PycharmProjects/Real-time-Flights/PartA/node_modules/node-rdkafka/build/deps -lsasl2: _mkltmpNhHfZK.c:3:10: fatal error: sasl/sasl.h: No such file or directory
    3 | #include <sasl/sasl.h>
      |          ^~~~~~~~~~~~~
compilation terminated.
DBG 36837: Setting libsasl2 (libsasl2) status to failed (action disable)
DBG 36837: Check libsasl2 (WITH_SASL_CYRUS, action disable (originally disable)) failed: compile check failed:
CC: CC
flags: -lsasl2
gcc  -g -O2 -fPIC -Wall -Wsign-compare -Wfloat-equal -Wpointer-arith -Wcast-align -Wall -Werror _mkltmpNhHfZK.c -o _mkltmpNhHfZK.c.o  -L/home/david/PycharmProjects/Real-time-Flights/PartA/node_modules/node-rdkafka/build/deps -lsasl2:
_mkltmpNhHfZK.c:3:10: fatal error: sasl/sasl.h: No such file or directory
    3 | #include <sasl/sasl.h>
      |          ^~~~~~~~~~~~~
compilation terminated.
source: 
#include <stddef.h>
#include <sasl/sasl.h>

DBG 36837: pkg-config check libsasl for CFLAGS (WITH_SASL_CYRUS): pkg-config --short-errors --cflags libsasl
DBG 36837: 'pkg-config --short-errors --cflags libsasl' failed: No package 'libsasl' found
DBG 36837: Setting libsasl_PKGCONFIG (libsasl_PKGCONFIG) status to failed (action cont)
DBG 36837: Check libsasl_PKGCONFIG (, action cont (originally cont)) failed: 'pkg-config --short-errors --cflags libsasl' failed:
No package 'libsasl' found
DBG 36837: libsasl: Check for static library (libs -lsasl, arfile variable STATIC_LIB_libsasl=, static filenames )
DBG 36837: Compile check libsasl (WITH_SASL_CYRUS) (sub=0): gcc  -g -O2 -fPIC -Wall -Wsign-compare -Wfloat-equal -Wpointer-arith -Wcast-align -Wall -Werror _mkltmpMP2ItK.c -o _mkltmpMP2ItK.c.o  -L/home/david/PycharmProjects/Real-time-Flights/PartA/node_modules/node-rdkafka/build/deps -lsasl
DBG 36837: compile check for libsasl (WITH_SASL_CYRUS) failed: gcc  -g -O2 -fPIC -Wall -Wsign-compare -Wfloat-equal -Wpointer-arith -Wcast-align -Wall -Werror _mkltmpMP2ItK.c -o _mkltmpMP2ItK.c.o  -L/home/david/PycharmProjects/Real-time-Flights/PartA/node_modules/node-rdkafka/build/deps -lsasl: _mkltmpMP2ItK.c:3:10: fatal error: sasl/sasl.h: No such file or directory
    3 | #include <sasl/sasl.h>
      |          ^~~~~~~~~~~~~
compilation terminated.
DBG 36837: Setting libsasl (libsasl) status to failed (action disable)
DBG 36837: Check libsasl (WITH_SASL_CYRUS, action disable (originally disable)) failed: compile check failed:
CC: CC
flags: -lsasl
gcc  -g -O2 -fPIC -Wall -Wsign-compare -Wfloat-equal -Wpointer-arith -Wcast-align -Wall -Werror _mkltmpMP2ItK.c -o _mkltmpMP2ItK.c.o  -L/home/david/PycharmProjects/Real-time-Flights/PartA/node_modules/node-rdkafka/build/deps -lsasl:
_mkltmpMP2ItK.c:3:10: fatal error: sasl/sasl.h: No such file or directory
    3 | #include <sasl/sasl.h>
      |          ^~~~~~~~~~~~~
compilation terminated.
source: 
#include <stddef.h>
#include <sasl/sasl.h>

DBG 36837: pkg-config check libzstd for CFLAGS (WITH_ZSTD): pkg-config --short-errors --cflags libzstd
DBG 36837: 'pkg-config --short-errors --cflags libzstd' failed: No package 'libzstd' found
DBG 36837: Setting libzstd_PKGCONFIG (libzstd_PKGCONFIG) status to failed (action cont)
DBG 36837: Check libzstd_PKGCONFIG (, action cont (originally cont)) failed: 'pkg-config --short-errors --cflags libzstd' failed:
No package 'libzstd' found
DBG 36837: libzstd: Check for static library (libs -lzstd, arfile variable STATIC_LIB_libzstd=, static filenames libzstd.a)
DBG 36837: Compile check libzstd (WITH_ZSTD) (sub=0): gcc  -g -O2 -fPIC -Wall -Wsign-compare -Wfloat-equal -Wpointer-arith -Wcast-align -Wall -Werror _mkltmprvcoCA.c -o _mkltmprvcoCA.c.o  -L/home/david/PycharmProjects/Real-time-Flights/PartA/node_modules/node-rdkafka/build/deps -lzstd
DBG 36837: compile check for libzstd (WITH_ZSTD) failed: gcc  -g -O2 -fPIC -Wall -Wsign-compare -Wfloat-equal -Wpointer-arith -Wcast-align -Wall -Werror _mkltmprvcoCA.c -o _mkltmprvcoCA.c.o  -L/home/david/PycharmProjects/Real-time-Flights/PartA/node_modules/node-rdkafka/build/deps -lzstd: _mkltmprvcoCA.c:2:10: fatal error: zstd.h: No such file or directory
    2 | #include <zstd.h>
      |          ^~~~~~~~
compilation terminated.
DBG 36837: Setting libzstd (libzstd) status to failed (action disable)
DBG 36837: Check libzstd (WITH_ZSTD, action disable (originally disable)) failed: compile check failed:
CC: CC
flags: -lzstd
gcc  -g -O2 -fPIC -Wall -Wsign-compare -Wfloat-equal -Wpointer-arith -Wcast-align -Wall -Werror _mkltmprvcoCA.c -o _mkltmprvcoCA.c.o  -L/home/david/PycharmProjects/Real-time-Flights/PartA/node_modules/node-rdkafka/build/deps -lzstd:
_mkltmprvcoCA.c:2:10: fatal error: zstd.h: No such file or directory
    2 | #include <zstd.h>
      |          ^~~~~~~~
compilation terminated.
source: 
#include <zstd.h>
#include <zstd_errors.h>

void foo (void) {
     ZSTD_getFrameContentSize(NULL, 0);
}

DBG 36837: pkg-config check libm for CFLAGS (): pkg-config --short-errors --cflags libm
DBG 36837: 'pkg-config --short-errors --cflags libm' failed: No package 'libm' found
DBG 36837: Setting libm_PKGCONFIG (libm_PKGCONFIG) status to failed (action cont)
DBG 36837: Check libm_PKGCONFIG (, action cont (originally cont)) failed: 'pkg-config --short-errors --cflags libm' failed:
No package 'libm' found
DBG 36837: libm: Check for static library (libs -lm, arfile variable STATIC_LIB_libm=, static filenames )
DBG 36837: Compile check libm () (sub=0): gcc  -g -O2 -fPIC -Wall -Wsign-compare -Wfloat-equal -Wpointer-arith -Wcast-align -Wall -Werror _mkltmptTUqvI.c -o _mkltmptTUqvI.c.o  -L/home/david/PycharmProjects/Real-time-Flights/PartA/node_modules/node-rdkafka/build/deps -lm
DBG 36837: Setting libm (libm) status to ok (action disable)
DBG 36837: libm: from lib_check: LIBS: prepend -lm
DBG 36837: pkg-config check liblz4 for CFLAGS (WITH_LZ4_EXT): pkg-config --short-errors --cflags liblz4
DBG 36837: 'pkg-config --short-errors --cflags liblz4' failed: No package 'liblz4' found
DBG 36837: Setting liblz4_PKGCONFIG (liblz4_PKGCONFIG) status to failed (action cont)
DBG 36837: Check liblz4_PKGCONFIG (, action cont (originally cont)) failed: 'pkg-config --short-errors --cflags liblz4' failed:
No package 'liblz4' found
DBG 36837: liblz4: Check for static library (libs -llz4, arfile variable STATIC_LIB_liblz4=, static filenames liblz4.a)
DBG 36837: Compile check liblz4 (WITH_LZ4_EXT) (sub=0): gcc  -g -O2 -fPIC -Wall -Wsign-compare -Wfloat-equal -Wpointer-arith -Wcast-align -Wall -Werror _mkltmpZbKcV1.c -o _mkltmpZbKcV1.c.o  -L/home/david/PycharmProjects/Real-time-Flights/PartA/node_modules/node-rdkafka/build/deps -llz4
DBG 36837: compile check for liblz4 (WITH_LZ4_EXT) failed: gcc  -g -O2 -fPIC -Wall -Wsign-compare -Wfloat-equal -Wpointer-arith -Wcast-align -Wall -Werror _mkltmpZbKcV1.c -o _mkltmpZbKcV1.c.o  -L/home/david/PycharmProjects/Real-time-Flights/PartA/node_modules/node-rdkafka/build/deps -llz4: _mkltmpZbKcV1.c:1:10: fatal error: lz4frame.h: No such file or directory
    1 | #include <lz4frame.h>
      |          ^~~~~~~~~~~~
compilation terminated.
DBG 36837: Setting liblz4 (liblz4) status to failed (action disable)
DBG 36837: Check liblz4 (WITH_LZ4_EXT, action disable (originally disable)) failed: compile check failed:
CC: CC
flags: -llz4
gcc  -g -O2 -fPIC -Wall -Wsign-compare -Wfloat-equal -Wpointer-arith -Wcast-align -Wall -Werror _mkltmpZbKcV1.c -o _mkltmpZbKcV1.c.o  -L/home/david/PycharmProjects/Real-time-Flights/PartA/node_modules/node-rdkafka/build/deps -llz4:
_mkltmpZbKcV1.c:1:10: fatal error: lz4frame.h: No such file or directory
    1 | #include <lz4frame.h>
      |          ^~~~~~~~~~~~
compilation terminated.
source: #include <lz4frame.h>
DBG 36837: Compile check syslog (WITH_SYSLOG) (sub=0): gcc  -g -O2 -fPIC -Wall -Wsign-compare -Wfloat-equal -Wpointer-arith -Wcast-align -Wall -Werror _mkltmp59v7dp.c -o _mkltmp59v7dp.c.o  -L/home/david/PycharmProjects/Real-time-Flights/PartA/node_modules/node-rdkafka/build/deps 
DBG 36837: Setting syslog (syslog) status to ok (action disable)
DBG 36837: Compile check rapidjson (WITH_RAPIDJSON) (sub=0): g++  -g -O2 -fPIC -Wall -Wsign-compare -Wfloat-equal -Wpointer-arith -Wcast-align -Wall -Werror _mkltmpiBahzJ.cpp -o _mkltmpiBahzJ.cpp.o  -L/home/david/PycharmProjects/Real-time-Flights/PartA/node_modules/node-rdkafka/build/deps 
DBG 36837: compile check for rapidjson (WITH_RAPIDJSON) failed: g++  -g -O2 -fPIC -Wall -Wsign-compare -Wfloat-equal -Wpointer-arith -Wcast-align -Wall -Werror _mkltmpiBahzJ.cpp -o _mkltmpiBahzJ.cpp.o  -L/home/david/PycharmProjects/Real-time-Flights/PartA/node_modules/node-rdkafka/build/deps : _mkltmpiBahzJ.cpp:1:10: fatal error: rapidjson/schema.h: No such file or directory
    1 | #include <rapidjson/schema.h>
      |          ^~~~~~~~~~~~~~~~~~~~
compilation terminated.
DBG 36837: Setting rapidjson (rapidjson) status to failed (action disable)
DBG 36837: Check rapidjson (WITH_RAPIDJSON, action disable (originally disable)) failed: compile check failed:
CC: CXX
flags: 
g++  -g -O2 -fPIC -Wall -Wsign-compare -Wfloat-equal -Wpointer-arith -Wcast-align -Wall -Werror _mkltmpiBahzJ.cpp -o _mkltmpiBahzJ.cpp.o  -L/home/david/PycharmProjects/Real-time-Flights/PartA/node_modules/node-rdkafka/build/deps :
_mkltmpiBahzJ.cpp:1:10: fatal error: rapidjson/schema.h: No such file or directory
    1 | #include <rapidjson/schema.h>
      |          ^~~~~~~~~~~~~~~~~~~~
compilation terminated.
source: #include <rapidjson/schema.h>
DBG 36837: Compile check crc32chw (WITH_CRC32C_HW) (sub=0): gcc  -g -O2 -fPIC -Wall -Wsign-compare -Wfloat-equal -Wpointer-arith -Wcast-align -Wall -Werror _mkltmpf4GRpX.c -o _mkltmpf4GRpX.c.o  -L/home/david/PycharmProjects/Real-time-Flights/PartA/node_modules/node-rdkafka/build/deps 
DBG 36837: Setting crc32chw (crc32chw) status to ok (action disable)
DBG 36837: Compile check regex (HAVE_REGEX) (sub=0): gcc  -g -O2 -fPIC -Wall -Wsign-compare -Wfloat-equal -Wpointer-arith -Wcast-align -Wall -Werror _mkltmp5KCqpa.c -o _mkltmp5KCqpa.c.o  -L/home/david/PycharmProjects/Real-time-Flights/PartA/node_modules/node-rdkafka/build/deps 
DBG 36837: Setting regex (regex) status to ok (action disable)
DBG 36837: Compile check rand_r (HAVE_RAND_R) (sub=0): gcc  -g -O2 -fPIC -Wall -Wsign-compare -Wfloat-equal -Wpointer-arith -Wcast-align -Wall -Werror _mkltmpoC8fJe.c -o _mkltmpoC8fJe.c.o  -L/home/david/PycharmProjects/Real-time-Flights/PartA/node_modules/node-rdkafka/build/deps 
DBG 36837: Setting rand_r (rand_r) status to ok (action disable)
DBG 36837: Compile check strndup (HAVE_STRNDUP) (sub=0): gcc  -g -O2 -fPIC -Wall -Wsign-compare -Wfloat-equal -Wpointer-arith -Wcast-align -Wall -Werror _mkltmpMwd2gX.c -o _mkltmpMwd2gX.c.o  -L/home/david/PycharmProjects/Real-time-Flights/PartA/node_modules/node-rdkafka/build/deps 
DBG 36837: Setting strndup (strndup) status to ok (action disable)
DBG 36837: Compile check strlcpy (HAVE_STRLCPY) (sub=0): gcc  -g -O2 -fPIC -Wall -Wsign-compare -Wfloat-equal -Wpointer-arith -Wcast-align -Wall -Werror _mkltmp5F1NTX.c -o _mkltmp5F1NTX.c.o  -L/home/david/PycharmProjects/Real-time-Flights/PartA/node_modules/node-rdkafka/build/deps 
DBG 36837: compile check for strlcpy (HAVE_STRLCPY) failed: gcc  -g -O2 -fPIC -Wall -Wsign-compare -Wfloat-equal -Wpointer-arith -Wcast-align -Wall -Werror _mkltmp5F1NTX.c -o _mkltmp5F1NTX.c.o  -L/home/david/PycharmProjects/Real-time-Flights/PartA/node_modules/node-rdkafka/build/deps : _mkltmp5F1NTX.c: In function ‘foo’:
_mkltmp5F1NTX.c:6:11: error: implicit declaration of function ‘strlcpy’; did you mean ‘strncpy’? [-Werror=implicit-function-declaration]
    6 |    return strlcpy(dest, "something", sizeof(dest));
      |           ^~~~~~~
      |           strncpy
cc1: all warnings being treated as errors
DBG 36837: Setting strlcpy (strlcpy) status to failed (action disable)
DBG 36837: Check strlcpy (HAVE_STRLCPY, action disable (originally disable)) failed: compile check failed:
CC: CC
flags: 
gcc  -g -O2 -fPIC -Wall -Wsign-compare -Wfloat-equal -Wpointer-arith -Wcast-align -Wall -Werror _mkltmp5F1NTX.c -o _mkltmp5F1NTX.c.o  -L/home/david/PycharmProjects/Real-time-Flights/PartA/node_modules/node-rdkafka/build/deps :
_mkltmp5F1NTX.c: In function ‘foo’:
_mkltmp5F1NTX.c:6:11: error: implicit declaration of function ‘strlcpy’; did you mean ‘strncpy’? [-Werror=implicit-function-declaration]
    6 |    return strlcpy(dest, "something", sizeof(dest));
      |           ^~~~~~~
      |           strncpy
cc1: all warnings being treated as errors
source: 
#define _DARWIN_C_SOURCE
#include <string.h>
int foo (void) {
    char dest[4];
   return strlcpy(dest, "something", sizeof(dest));
}
DBG 36837: Compile check strerror_r (HAVE_STRERROR_R) (sub=0): gcc  -g -O2 -fPIC -Wall -Wsign-compare -Wfloat-equal -Wpointer-arith -Wcast-align -Wall -Werror _mkltmp2grPMZ.c -o _mkltmp2grPMZ.c.o  -L/home/david/PycharmProjects/Real-time-Flights/PartA/node_modules/node-rdkafka/build/deps 
DBG 36837: Setting strerror_r (strerror_r) status to ok (action disable)
DBG 36837: Compile check strcasestr (HAVE_STRCASESTR) (sub=0): gcc  -g -O2 -fPIC -Wall -Wsign-compare -Wfloat-equal -Wpointer-arith -Wcast-align -Wall -Werror _mkltmpEa9Pe2.c -o _mkltmpEa9Pe2.c.o  -L/home/david/PycharmProjects/Real-time-Flights/PartA/node_modules/node-rdkafka/build/deps 
DBG 36837: Setting strcasestr (strcasestr) status to ok (action disable)
DBG 36837: Compile check pthread_setname_gnu (HAVE_PTHREAD_SETNAME_GNU) (sub=0): gcc  -g -O2 -fPIC -Wall -Wsign-compare -Wfloat-equal -Wpointer-arith -Wcast-align -Wall -Werror _mkltmpBjOWbx.c -o _mkltmpBjOWbx.c.o  -L/home/david/PycharmProjects/Real-time-Flights/PartA/node_modules/node-rdkafka/build/deps -D_GNU_SOURCE -lpthread
DBG 36837: Setting pthread_setname_gnu (pthread_setname_gnu) status to ok (action disable)
DBG 36837: Setting nm (nm) status to ok (action cont)
DBG 36837: Setting python3 (python3) status to ok (action disable)
DBG 36837: Compile check getrusage (HAVE_GETRUSAGE) (sub=0): gcc  -g -O2 -fPIC -Wall -Wsign-compare -Wfloat-equal -Wpointer-arith -Wcast-align -Wall -Werror _mkltmpkjEEi9.c -o _mkltmpkjEEi9.c.o  -L/home/david/PycharmProjects/Real-time-Flights/PartA/node_modules/node-rdkafka/build/deps 
DBG 36837: Setting getrusage (getrusage) status to ok (action disable)
